[15Feb2026 13:22:02.733] [main/INFO] [cpw.mods.modlauncher.Launcher/MODLAUNCHER]: ModLauncher running: args [--launchTarget, neoforgeclientdev, --version, 21.8.31, --assetIndex, 26, --assetsDir, C:\\Users\\Blake\\.mcreator\\gradle\\caches\\neoformruntime\\assets, --fml.fmlVersion, 9.0.16, --fml.mcVersion, 1.21.8, --fml.neoForgeVersion, 21.8.31, --fml.neoFormVersion, 20250717.133445]
[15Feb2026 13:22:02.738] [main/INFO] [cpw.mods.modlauncher.Launcher/MODLAUNCHER]: JVM identified as Eclipse Adoptium OpenJDK 64-Bit Server VM 21.0.8+9-LTS
[15Feb2026 13:22:02.740] [main/INFO] [cpw.mods.modlauncher.Launcher/MODLAUNCHER]: ModLauncher 9.0 starting: java version 21.0.8 by Eclipse Adoptium; OS Windows 11 arch amd64 version 10.0
[15Feb2026 13:22:02.903] [main/INFO] [net.neoforged.fml.loading.ImmediateWindowHandler/]: Loading ImmediateWindowProvider fmlearlywindow
[15Feb2026 13:22:03.469] [main/INFO] [mixin/]: SpongePowered MIXIN Subsystem Version=0.8.7 Source=union:/C:/Users/Blake/.mcreator/gradle/caches/modules-2/files-2.1/net.fabricmc/sponge-mixin/0.15.2+mixin.0.8.7/2af2f021d8e02a0220dc27a7a72b4666d66d44ca/sponge-mixin-0.15.2+mixin.0.8.7.jar%23157!/ Service=ModLauncher Env=CLIENT
[15Feb2026 13:22:03.779] [fml-loadingscreen/INFO] [net.neoforged.fml.earlydisplay.render.LoadingScreenRenderer/]: GL info: Intel(R) UHD Graphics 630 GL version 3.2.0 - Build 30.0.100.9864, Intel
[15Feb2026 13:22:04.145] [main/INFO] [net.neoforged.fml.loading.moddiscovery.locators.JarInJarDependencyLocator/]: Found 2 dependencies adding them to mods collection
[15Feb2026 13:22:04.149] [main/INFO] [net.neoforged.fml.loading.moddiscovery.ModDiscoverer/]: 
     Mod List:
		Name Version (Mod Id)

		Minecraft 1.21.8 (minecraft)
		NeoForge 21.8.31 (neoforge)
		New Biomes 1.0.0 (new_biomes)
[15Feb2026 13:22:05.618] [main/INFO] [mixin/]: Compatibility level set to JAVA_21
[15Feb2026 13:22:05.628] [main/INFO] [cpw.mods.modlauncher.LaunchServiceHandler/MODLAUNCHER]: Launching target 'neoforgeclientdev' with arguments [--version, 21.8.31, --assetsDir, C:\Users\Blake\.mcreator\gradle\caches\neoformruntime\assets, --assetIndex, 26]
[15Feb2026 13:22:07.829] [pool-6-thread-1/INFO] [MixinExtras|Service/]: Initializing MixinExtras via com.llamalad7.mixinextras.service.MixinExtrasServiceImpl(version=0.5.0).
[15Feb2026 13:22:07.996] [Datafixer Bootstrap/INFO] [com.mojang.datafixers.DataFixerBuilder/]: 272 Datafixer optimizations took 845 milliseconds
[15Feb2026 13:22:15.802] [main/WARN] [net.minecraft.commands.Commands/]: Ambiguity between arguments [teleport, location] and [teleport, destination] with inputs: [0.1 -0.5 .9, 0 0 0]
[15Feb2026 13:22:15.806] [main/WARN] [net.minecraft.commands.Commands/]: Ambiguity between arguments [teleport, location] and [teleport, targets] with inputs: [0.1 -0.5 .9, 0 0 0]
[15Feb2026 13:22:15.813] [main/WARN] [net.minecraft.commands.Commands/]: Ambiguity between arguments [teleport, destination] and [teleport, targets] with inputs: [Player, 0123, @e, dd12be42-52a9-4a91-a8a1-11c01849e498]
[15Feb2026 13:22:15.818] [main/WARN] [net.minecraft.commands.Commands/]: Ambiguity between arguments [teleport, targets] and [teleport, destination] with inputs: [Player, 0123, dd12be42-52a9-4a91-a8a1-11c01849e498]
[15Feb2026 13:22:15.822] [main/WARN] [net.minecraft.commands.Commands/]: Ambiguity between arguments [teleport, targets, location] and [teleport, targets, destination] with inputs: [0.1 -0.5 .9, 0 0 0]
[15Feb2026 13:22:15.827] [main/WARN] [net.minecraft.commands.Commands/]: Ambiguity between arguments [waypoint, modify, waypoint, color, reset] and [waypoint, modify, waypoint, color, color] with inputs: [reset]
[15Feb2026 13:22:15.934] [modloading-worker-0/INFO] [net.neoforged.neoforge.common.NeoForgeMod/NEOFORGE-MOD]: NeoForge mod loading, version 21.8.31, for MC 1.21.8
[15Feb2026 13:22:16.794] [Render thread/WARN] [net.minecraft.server.packs.VanillaPackResourcesBuilder/]: Assets URL 'union:/C:/Users/Blake/MCreatorWorkspaces/new_biomes/build/moddev/artifacts/neoforge-21.8.31.jar%23212!/assets/.mcassetsroot' uses unexpected schema
[15Feb2026 13:22:16.795] [Render thread/WARN] [net.minecraft.server.packs.VanillaPackResourcesBuilder/]: Assets URL 'union:/C:/Users/Blake/MCreatorWorkspaces/new_biomes/build/moddev/artifacts/neoforge-21.8.31.jar%23212!/data/.mcassetsroot' uses unexpected schema
[15Feb2026 13:22:16.843] [Render thread/INFO] [com.mojang.authlib.yggdrasil.YggdrasilAuthenticationService/]: Environment: Environment[sessionHost=https://sessionserver.mojang.com, servicesHost=https://api.minecraftservices.com, name=PROD]
[15Feb2026 13:22:16.859] [Render thread/INFO] [net.minecraft.client.Minecraft/]: Setting user: Dev
[15Feb2026 13:22:17.099] [Render thread/INFO] [net.minecraft.client.Minecraft/]: Backend library: LWJGL version 3.3.3+5
[15Feb2026 13:22:17.790] [Render thread/INFO] [net.minecraft.client.Minecraft/]: Using optional rendering extensions: GL_ARB_buffer_storage, GL_KHR_debug, GL_ARB_vertex_attrib_binding, GL_ARB_direct_state_access
[15Feb2026 13:22:18.785] [Render thread/INFO] [net.minecraft.server.packs.resources.ReloadableResourceManager/]: Reloading ResourceManager: vanilla, mod_resources, mod/neoforge, mod/new_biomes
[15Feb2026 13:22:19.018] [resourceLoad/INFO] [net.minecraft.client.gui.font.providers.UnihexProvider/]: Found unifont_all_no_pua-16.0.03.hex, loading
[15Feb2026 13:22:19.018] [resourceLoad/INFO] [net.minecraft.client.gui.font.providers.UnihexProvider/]: Found unifont_pua-16.0.03.hex, loading
[15Feb2026 13:22:19.657] [resourceLoad/INFO] [net.minecraft.client.gui.font.providers.UnihexProvider/]: Found unifont_jp_patch-16.0.03.hex, loading
[15Feb2026 13:22:22.602] [Render thread/INFO] [com.mojang.blaze3d.audio.Library/]: OpenAL initialized on device OpenAL Soft on Sceptre F27 (Intel(R) Display Audio)
[15Feb2026 13:22:22.603] [Render thread/INFO] [net.minecraft.client.sounds.SoundEngine/SOUNDS]: Sound engine started
[15Feb2026 13:22:22.805] [Render thread/INFO] [net.minecraft.client.renderer.texture.TextureAtlas/]: Created: 1024x512x2 minecraft:textures/atlas/blocks.png-atlas
[15Feb2026 13:22:23.354] [Render thread/INFO] [net.minecraft.client.renderer.texture.TextureAtlas/]: Created: 256x256x2 minecraft:textures/atlas/signs.png-atlas
[15Feb2026 13:22:23.358] [Render thread/INFO] [net.minecraft.client.renderer.texture.TextureAtlas/]: Created: 512x512x2 minecraft:textures/atlas/shield_patterns.png-atlas
[15Feb2026 13:22:23.365] [Render thread/INFO] [net.minecraft.client.renderer.texture.TextureAtlas/]: Created: 512x512x2 minecraft:textures/atlas/banner_patterns.png-atlas
[15Feb2026 13:22:23.374] [Render thread/INFO] [net.minecraft.client.renderer.texture.TextureAtlas/]: Created: 2048x1024x2 minecraft:textures/atlas/armor_trims.png-atlas
[15Feb2026 13:22:23.518] [Render thread/INFO] [net.minecraft.client.renderer.texture.TextureAtlas/]: Created: 256x256x2 minecraft:textures/atlas/chest.png-atlas
[15Feb2026 13:22:23.522] [Render thread/INFO] [net.minecraft.client.renderer.texture.TextureAtlas/]: Created: 128x64x2 minecraft:textures/atlas/decorated_pot.png-atlas
[15Feb2026 13:22:23.531] [Render thread/INFO] [net.minecraft.client.renderer.texture.TextureAtlas/]: Created: 512x256x2 minecraft:textures/atlas/beds.png-atlas
[15Feb2026 13:22:23.537] [Render thread/INFO] [net.minecraft.client.renderer.texture.TextureAtlas/]: Created: 512x256x2 minecraft:textures/atlas/shulker_boxes.png-atlas
[15Feb2026 13:22:23.546] [Render thread/INFO] [net.minecraft.client.renderer.texture.TextureAtlas/]: Created: 64x64x0 minecraft:textures/atlas/map_decorations.png-atlas
[15Feb2026 13:22:23.771] [Render thread/INFO] [net.minecraft.client.renderer.texture.TextureAtlas/]: Created: 512x256x0 minecraft:textures/atlas/particles.png-atlas
[15Feb2026 13:22:23.787] [Render thread/INFO] [net.minecraft.client.renderer.texture.TextureAtlas/]: Created: 512x256x0 minecraft:textures/atlas/paintings.png-atlas
[15Feb2026 13:22:23.790] [Render thread/INFO] [net.minecraft.client.renderer.texture.TextureAtlas/]: Created: 1024x512x0 minecraft:textures/atlas/gui.png-atlas
[15Feb2026 13:22:23.829] [Render thread/INFO] [net.neoforged.neoforge.client.entity.animation.json.AnimationLoader/]: Loaded 0 entity animations
[15Feb2026 13:22:36.580] [Render thread/INFO] [net.minecraft.world.item.crafting.RecipeManager/]: Loaded 1419 recipes
[15Feb2026 13:22:36.597] [Render thread/INFO] [net.minecraft.advancements.AdvancementTree/]: Loaded 1531 advancements
[15Feb2026 13:22:36.601] [Render thread/INFO] [net.neoforged.neoforge.common.crafting.RecipePriorityManager/]: Loaded 0 recipe priority overrides
[15Feb2026 13:22:36.837] [Server thread/INFO] [net.minecraft.client.server.IntegratedServer/]: Starting integrated minecraft server version 1.21.8
[15Feb2026 13:22:36.837] [Server thread/INFO] [net.minecraft.server.MinecraftServer/]: Generating keypair
[15Feb2026 13:22:37.524] [Server thread/INFO] [net.minecraft.server.MinecraftServer/]: Preparing start region for dimension minecraft:overworld
[15Feb2026 13:22:37.818] [progressListener/INFO] [net.minecraft.server.level.progress.LoggerChunkProgressListener/]: Preparing spawn area: 0%
[15Feb2026 13:22:37.955] [progressListener/INFO] [net.minecraft.server.level.progress.LoggerChunkProgressListener/]: Time elapsed: 427 ms
[15Feb2026 13:22:37.956] [Server thread/INFO] [net.neoforged.neoforge.server.permission.PermissionAPI/]: Successfully initialized permission handler neoforge:default_handler
[15Feb2026 13:22:38.077] [Server thread/INFO] [net.minecraft.client.server.IntegratedServer/]: Changing view distance to 5, from 10
[15Feb2026 13:22:38.077] [Server thread/INFO] [net.minecraft.client.server.IntegratedServer/]: Changing simulation distance to 12, from 0
[15Feb2026 13:22:39.304] [Server thread/INFO] [net.minecraft.server.players.PlayerList/]: Dev[local:E:c60d59db] logged in with entity id 1 at (-2.54452828097901, 128.0, -1.622361205304101)
[15Feb2026 13:22:39.396] [Server thread/INFO] [net.minecraft.server.MinecraftServer/]: Dev joined the game
[15Feb2026 13:22:39.711] [Render thread/INFO] [net.minecraft.client.renderer.DynamicUniformStorage/]: Resizing Dynamic Transforms UBO, capacity limit of 2 reached during a single frame. New capacity will be 4.
[15Feb2026 13:22:39.724] [Render thread/INFO] [net.minecraft.advancements.AdvancementTree/]: Loaded 42 advancements
[15Feb2026 13:22:39.914] [Render thread/INFO] [net.minecraft.client.renderer.DynamicUniformStorage/]: Resizing Dynamic Transforms UBO, capacity limit of 4 reached during a single frame. New capacity will be 8.
[15Feb2026 13:22:40.240] [Render thread/INFO] [net.minecraft.client.renderer.DynamicUniformStorage/]: Resizing Dynamic Transforms UBO, capacity limit of 8 reached during a single frame. New capacity will be 16.
[15Feb2026 13:22:40.324] [Render thread/INFO] [net.minecraft.client.renderer.DynamicUniformStorage/]: Resizing Dynamic Transforms UBO, capacity limit of 16 reached during a single frame. New capacity will be 32.
[15Feb2026 13:22:40.404] [Render thread/INFO] [net.minecraft.client.renderer.DynamicUniformStorage/]: Resizing Dynamic Transforms UBO, capacity limit of 32 reached during a single frame. New capacity will be 64.
[15Feb2026 13:22:40.621] [Render thread/INFO] [net.minecraft.client.renderer.DynamicUniformStorage/]: Resizing Dynamic Transforms UBO, capacity limit of 64 reached during a single frame. New capacity will be 128.
[15Feb2026 13:22:40.926] [Render thread/INFO] [net.minecraft.client.renderer.DynamicUniformStorage/]: Resizing Dynamic Transforms UBO, capacity limit of 128 reached during a single frame. New capacity will be 256.
[15Feb2026 13:22:41.388] [Render thread/INFO] [net.minecraft.client.renderer.DynamicUniformStorage/]: Resizing Dynamic Transforms UBO, capacity limit of 256 reached during a single frame. New capacity will be 512.
[15Feb2026 13:24:16.293] [Render thread/INFO] [net.minecraft.advancements.AdvancementTree/]: Loaded 43 advancements
[15Feb2026 13:25:37.986] [Render thread/INFO] [net.minecraft.advancements.AdvancementTree/]: Loaded 44 advancements
[15Feb2026 13:27:10.036] [Server thread/INFO] [net.minecraft.server.MinecraftServer/]: [Dev: Gave 1 [Water Bucket] to Dev]
[15Feb2026 13:27:10.073] [Render thread/INFO] [net.minecraft.client.gui.components.ChatComponent/]: [System] [CHAT] Gave 1 [Water Bucket] to Dev
[15Feb2026 13:27:10.081] [Render thread/INFO] [net.minecraft.advancements.AdvancementTree/]: Loaded 45 advancements
[15Feb2026 13:27:14.339] [Server thread/INFO] [net.minecraft.client.server.IntegratedServer/]: Saving and pausing game...
[15Feb2026 13:27:14.385] [Server thread/INFO] [net.minecraft.server.MinecraftServer/]: Saving chunks for level 'ServerLevel[newbiome]'/minecraft:overworld
[15Feb2026 13:27:14.423] [Server thread/INFO] [net.minecraft.server.MinecraftServer/]: Saving chunks for level 'ServerLevel[newbiome]'/minecraft:the_nether
[15Feb2026 13:27:14.425] [Server thread/INFO] [net.minecraft.server.MinecraftServer/]: Saving chunks for level 'ServerLevel[newbiome]'/minecraft:the_end
[15Feb2026 13:27:18.632] [Server thread/INFO] [net.minecraft.server.MinecraftServer/]: Dev fell from a high place
[15Feb2026 13:27:18.649] [Render thread/INFO] [net.minecraft.client.gui.components.ChatComponent/]: [System] [CHAT] Dev fell from a high place
[15Feb2026 13:27:22.891] [Server thread/INFO] [net.minecraft.client.server.IntegratedServer/]: Saving and pausing game...
[15Feb2026 13:27:22.931] [Server thread/INFO] [net.minecraft.server.MinecraftServer/]: Saving chunks for level 'ServerLevel[newbiome]'/minecraft:overworld
[15Feb2026 13:27:22.939] [Server thread/INFO] [net.minecraft.server.MinecraftServer/]: Saving chunks for level 'ServerLevel[newbiome]'/minecraft:the_nether
[15Feb2026 13:27:22.941] [Server thread/INFO] [net.minecraft.server.MinecraftServer/]: Saving chunks for level 'ServerLevel[newbiome]'/minecraft:the_end
[15Feb2026 13:27:24.191] [Server thread/INFO] [net.minecraft.server.network.ServerGamePacketListenerImpl/]: Dev lost connection: Disconnected
[15Feb2026 13:27:24.192] [Server thread/INFO] [net.minecraft.server.MinecraftServer/]: Dev left the game
[15Feb2026 13:27:24.224] [Server thread/INFO] [net.minecraft.server.network.ServerCommonPacketListenerImpl/]: Stopping singleplayer server as player logged out
[15Feb2026 13:27:24.239] [Server thread/INFO] [net.minecraft.server.MinecraftServer/]: Stopping server
[15Feb2026 13:27:24.239] [Server thread/INFO] [net.minecraft.server.MinecraftServer/]: Saving players
[15Feb2026 13:27:24.241] [Server thread/INFO] [net.minecraft.server.MinecraftServer/]: Saving worlds
[15Feb2026 13:27:25.536] [Server thread/INFO] [net.minecraft.server.MinecraftServer/]: Saving chunks for level 'ServerLevel[newbiome]'/minecraft:overworld
[15Feb2026 13:27:25.576] [Server thread/INFO] [net.minecraft.server.MinecraftServer/]: Saving chunks for level 'ServerLevel[newbiome]'/minecraft:the_nether
[15Feb2026 13:27:25.586] [Server thread/INFO] [net.minecraft.server.MinecraftServer/]: Saving chunks for level 'ServerLevel[newbiome]'/minecraft:the_end
[15Feb2026 13:27:25.609] [Server thread/INFO] [net.minecraft.server.MinecraftServer/]: ThreadedAnvilChunkStorage (newbiome): All chunks are saved
[15Feb2026 13:27:25.612] [Server thread/INFO] [net.minecraft.server.MinecraftServer/]: ThreadedAnvilChunkStorage (DIM-1): All chunks are saved
[15Feb2026 13:27:25.612] [Server thread/INFO] [net.minecraft.server.MinecraftServer/]: ThreadedAnvilChunkStorage (DIM1): All chunks are saved
[15Feb2026 13:27:25.612] [Server thread/INFO] [net.minecraft.server.MinecraftServer/]: ThreadedAnvilChunkStorage: All dimensions are saved
[15Feb2026 13:27:26.309] [Render thread/INFO] [net.minecraft.client.Minecraft/]: Stopping!
